TN:
SF:src/config.ts
FNF:0
FNH:0
DA:1,3
DA:3,3
DA:5,3
DA:26,3
DA:27,0
DA:30,3
DA:31,3
DA:32,3
DA:33,3
DA:34,3
LF:10
LH:9
BRDA:6,0,0,3
BRDA:6,0,1,0
BRDA:9,1,0,3
BRDA:9,1,1,0
BRDA:10,2,0,3
BRDA:10,2,1,0
BRDA:11,3,0,3
BRDA:11,3,1,0
BRDA:12,4,0,3
BRDA:12,4,1,0
BRDA:13,5,0,3
BRDA:13,5,1,0
BRDA:14,6,0,3
BRDA:14,6,1,0
BRDA:17,7,0,3
BRDA:17,7,1,0
BRDA:18,8,0,3
BRDA:18,8,1,0
BRDA:18,8,2,0
BRDA:19,9,0,3
BRDA:19,9,1,0
BRDA:19,9,2,0
BRDA:20,10,0,3
BRDA:20,10,1,0
BRDA:21,11,0,3
BRDA:21,11,1,0
BRDA:26,12,0,0
BRDA:26,13,0,3
BRDA:26,13,1,3
BRDA:32,14,0,3
BRDA:32,14,1,0
BRDA:34,15,0,3
BRDA:34,15,1,0
BRF:33
BRH:16
end_of_record
TN:
SF:src/__tests__/fixtures/payment-fixtures.ts
FN:10,createBasePayment
FN:32,createSolanaPayment
FN:54,createPaymentRequirements
FN:88,encodePaymentHeader
FNF:4
FNH:4
FNDA:24,createBasePayment
FNDA:5,createSolanaPayment
FNDA:30,createPaymentRequirements
FNDA:27,encodePaymentHeader
DA:10,2
DA:11,24
DA:13,24
DA:32,2
DA:33,5
DA:35,5
DA:54,2
DA:55,30
DA:82,30
DA:88,2
DA:89,27
LF:11
LH:11
BRF:0
BRH:0
end_of_record
TN:
SF:src/routes/settle.ts
FN:59,settlePayment
FNF:1
FNH:1
FNDA:17,settlePayment
DA:2,1
DA:3,1
DA:4,1
DA:5,1
DA:24,1
DA:42,1
DA:59,1
DA:60,17
DA:61,17
DA:63,17
DA:66,17
DA:70,16
DA:71,16
DA:74,16
DA:75,1
DA:76,1
DA:86,15
DA:87,3
DA:88,3
DA:89,3
DA:90,3
DA:94,12
DA:95,12
DA:96,12
DA:98,12
DA:99,1
DA:100,1
DA:109,11
DA:111,11
DA:113,11
DA:114,11
DA:115,11
DA:119,11
DA:120,0
DA:121,0
DA:122,0
DA:124,11
DA:125,11
DA:126,11
DA:128,11
DA:131,11
DA:134,11
DA:141,11
DA:146,11
DA:149,11
DA:153,11
DA:154,11
DA:158,11
DA:159,11
DA:160,11
DA:162,11
DA:177,11
DA:181,11
DA:183,11
DA:194,0
DA:196,0
DA:198,0
DA:203,0
DA:204,0
DA:205,0
DA:206,0
DA:208,0
DA:211,0
DA:213,0
DA:214,0
DA:217,0
DA:225,12
DA:228,12
DA:229,12
DA:230,12
DA:231,12
DA:232,11
DA:233,11
DA:236,12
LF:74
LH:59
BRDA:74,0,0,1
BRDA:78,1,0,1
BRDA:78,1,1,0
BRDA:80,2,0,1
BRDA:80,2,1,0
BRDA:86,3,0,3
BRDA:89,4,0,0
BRDA:89,4,1,3
BRDA:94,5,0,12
BRDA:94,5,1,12
BRDA:95,6,0,12
BRDA:95,6,1,1
BRDA:96,7,0,12
BRDA:96,7,1,12
BRDA:98,8,0,1
BRDA:102,9,0,1
BRDA:102,9,1,0
BRDA:104,10,0,1
BRDA:104,10,1,0
BRDA:109,11,0,0
BRDA:109,11,1,11
BRDA:119,12,0,0
BRDA:119,12,1,11
BRDA:153,13,0,11
BRDA:153,13,1,0
BRDA:177,14,0,0
BRDA:177,14,1,11
BRDA:232,15,0,11
BRDA:232,15,1,0
BRDA:233,16,0,11
BRDA:233,16,1,0
BRF:31
BRH:20
end_of_record
TN:
SF:src/routes/supported.ts
FN:12,getSupportedNetworks
FNF:1
FNH:1
FNDA:15,getSupportedNetworks
DA:2,1
DA:12,1
DA:17,15
DA:21,15
DA:22,15
DA:23,15
DA:31,15
DA:32,15
DA:39,15
LF:9
LH:9
BRDA:21,0,0,15
BRDA:21,1,0,15
BRDA:21,1,1,15
BRDA:22,2,0,15
BRDA:22,2,1,0
BRDA:31,3,0,15
BRDA:31,4,0,15
BRDA:31,4,1,15
BRF:8
BRH:7
end_of_record
TN:
SF:src/routes/verify.ts
FN:34,(anonymous_0)
FN:52,verifyPayment
FNF:2
FNH:2
FNDA:8,(anonymous_0)
FNDA:13,verifyPayment
DA:2,1
DA:3,1
DA:4,1
DA:16,1
DA:34,8
DA:42,1
DA:52,1
DA:53,13
DA:54,13
DA:56,13
DA:59,13
DA:63,11
DA:64,11
DA:67,11
DA:68,1
DA:69,1
DA:77,10
DA:78,1
DA:79,1
DA:80,1
DA:81,1
DA:85,9
DA:86,9
DA:87,9
DA:89,9
DA:90,1
DA:91,1
DA:98,8
DA:100,8
DA:102,8
DA:103,8
DA:104,8
DA:105,8
DA:109,8
DA:110,0
DA:111,0
DA:112,0
DA:113,0
DA:115,8
DA:116,8
DA:117,8
DA:118,8
DA:123,8
DA:124,8
DA:126,8
DA:127,8
DA:136,8
DA:137,0
DA:138,0
DA:145,8
DA:147,0
DA:148,0
DA:156,8
DA:157,8
DA:158,2
DA:159,2
DA:166,6
DA:169,6
DA:170,1
DA:171,1
DA:178,5
DA:181,5
DA:182,1
DA:183,1
DA:190,4
DA:193,4
DA:198,4
DA:209,4
DA:213,4
DA:215,4
DA:217,4
DA:224,4
DA:225,4
DA:227,4
DA:228,4
DA:229,4
DA:236,0
DA:239,0
DA:240,0
DA:247,2
DA:250,2
DA:251,2
DA:252,2
DA:253,0
DA:256,2
LF:85
LH:73
BRDA:67,0,0,1
BRDA:71,1,0,1
BRDA:71,1,1,0
BRDA:77,2,0,1
BRDA:80,3,0,0
BRDA:80,3,1,1
BRDA:85,4,0,9
BRDA:85,4,1,9
BRDA:86,5,0,9
BRDA:86,5,1,2
BRDA:87,6,0,9
BRDA:87,6,1,9
BRDA:89,7,0,1
BRDA:93,8,0,1
BRDA:93,8,1,0
BRDA:98,9,0,0
BRDA:98,9,1,8
BRDA:109,10,0,0
BRDA:109,10,1,8
BRDA:136,11,0,0
BRDA:157,12,0,2
BRDA:169,13,0,1
BRDA:181,14,0,1
BRDA:209,15,0,0
BRDA:209,15,1,4
BRDA:213,16,0,0
BRDA:213,16,1,4
BRDA:227,17,0,4
BRDA:253,18,0,0
BRDA:253,18,1,0
BRF:30
BRH:20
end_of_record
TN:
SF:src/solana/settle.ts
FN:39,settleSolanaPayment
FNF:1
FNH:1
FNDA:3,settleSolanaPayment
DA:10,1
DA:17,1
DA:21,1
DA:22,1
DA:39,1
DA:42,3
DA:43,3
DA:45,3
DA:46,3
DA:47,3
DA:48,3
DA:51,3
DA:54,3
DA:55,0
DA:58,3
DA:59,3
DA:61,3
DA:64,3
DA:65,3
DA:66,3
DA:69,3
DA:74,3
DA:79,3
DA:80,3
DA:84,3
DA:92,3
DA:95,3
DA:96,3
DA:97,3
DA:99,3
DA:102,3
DA:109,0
DA:110,0
DA:111,0
DA:112,0
DA:114,0
DA:121,3
DA:122,3
DA:123,3
DA:124,3
DA:125,3
LF:41
LH:35
BRDA:54,0,0,0
BRDA:127,1,0,3
BRDA:127,1,1,0
BRF:3
BRH:1
end_of_record
TN:
SF:src/solana/verify.ts
FN:34,verifySolanaPayment
FN:140,constructMessage
FNF:2
FNH:2
FNDA:1,verifySolanaPayment
FNDA:1,constructMessage
DA:11,1
DA:12,1
DA:13,1
DA:14,1
DA:15,1
DA:34,1
DA:38,1
DA:39,1
DA:41,1
DA:42,1
DA:43,1
DA:44,1
DA:47,1
DA:49,1
DA:50,1
DA:51,1
DA:52,1
DA:54,1
DA:60,1
DA:61,0
DA:62,0
DA:65,1
DA:67,0
DA:68,0
DA:72,1
DA:73,1
DA:74,0
DA:75,0
DA:78,1
DA:81,1
DA:82,0
DA:83,0
DA:86,1
DA:89,1
DA:90,0
DA:91,0
DA:94,1
DA:97,1
DA:98,1
DA:99,1
DA:100,1
DA:103,1
DA:108,1
DA:110,1
DA:111,0
DA:113,0
DA:115,0
DA:116,0
DA:117,0
DA:120,0
DA:122,1
DA:123,1
DA:127,0
DA:129,0
DA:130,0
DA:147,1
LF:56
LH:37
BRDA:60,0,0,0
BRDA:73,1,0,0
BRDA:81,2,0,0
BRDA:89,3,0,0
BRDA:115,4,0,0
BRDA:130,5,0,0
BRDA:130,5,1,0
BRF:7
BRH:0
end_of_record
